<?xml version="1.0" encoding="UTF-8"?>
<!-- Generated by org.testng.reporters.JUnitXMLReporter -->
<testsuite ignored="0" hostname="Lalis-MBP.fios-router.home" failures="5" tests="52" name="Test" time="551.903" errors="0" timestamp="2022-06-26T20:15:38 EDT">
  <testcase classname="techTriangle_testNG.testing.LoginTest" name="TTG_LOGIN_001_to_006_verifyLoginFailed" time="1.857"/>
  <testcase classname="techTriangle_testNG.testing.LoginTest" name="TTG_LOGIN_001_to_006_verifyLoginFailed" time="1.45"/>
  <testcase classname="techTriangle_testNG.testing.LoginTest" name="TTG_LOGIN_001_to_006_verifyLoginFailed" time="1.143"/>
  <testcase classname="techTriangle_testNG.testing.LoginTest" name="TTG_LOGIN_001_to_006_verifyLoginFailed" time="1.155"/>
  <testcase classname="techTriangle_testNG.testing.LoginTest" name="TTG_LOGIN_001_to_006_verifyLoginFailed" time="1.183"/>
  <testcase classname="techTriangle_testNG.testing.LoginTest" name="TTG_LOGIN_001_to_006_verifyLoginFailed" time="1.123"/>
  <testcase classname="techTriangle_testNG.testing.LoginTest" name="TTG_LOGIN_007_verifyLoginSuccess" time="1.94"/>
  <testcase classname="techTriangle_testNG.testing.weightsProductTest" name="TTG_WPP_001_verifyWeightsTab" time="4.202"/>
  <testcase classname="techTriangle_testNG.testing.weightsProductTest" name="TTG_WPP_002_verifyAddOutOfStockProduct" time="7.58"/>
  <testcase classname="techTriangle_testNG.testing.weightsProductTest" name="TTG_WPP_003_verifyAddAvalibleProduct" time="3.356"/>
  <testcase classname="techTriangle_testNG.testing.weightsProductTest" name="TTG_WPP_004_verifyShoppingProcess" time="10.987"/>
  <testcase classname="techTriangle_testNG.testing.weightsProductTest" name="TTG_WPP_005_verifyAbleToClearAllItemWithClearBtn" time="3.272"/>
  <testcase classname="techTriangle_testNG.testing.HomePageImageClickableTest" name="homePage_imageClickable" time="20.45"/>
  <testcase classname="techTriangle_testNG.testing.HomePageAddItemTest" name="homePage_AddItemToCart" time="17.305"/>
  <testcase classname="techTriangle_testNG.testing.FitnessAccessoriesTabTest" name="ValidateListItem" time="1.044"/>
  <testcase classname="techTriangle_testNG.testing.FitnessAccessoriesTabTest" name="ValidateNumberItem" time="5.669">
    <failure type="java.lang.AssertionError" message="expected:&amp;lt;11&amp;gt; but was:&amp;lt;12&amp;gt;">
      <![CDATA[java.lang.AssertionError: expected:<11> but was:<12>
at techTriangle_testNG.testing.FitnessAccessoriesTabTest.ValidateNumberItem(FitnessAccessoriesTabTest.java:34)
at java.base/java.util.ArrayList.forEach(ArrayList.java:1541)
... Removed 32 stack frames]]>
    </failure>
  </testcase> <!-- ValidateNumberItem -->
  <testcase classname="techTriangle_testNG.testing.FitnessAccessoriesTabTest" name="ValidateTabLink" time="53.011"/>
  <testcase classname="techTriangle_testNG.testing.footerTest" name="TTG_FOOTER_001_FBVerify" time="5.532">
    <failure type="org.openqa.selenium.NoSuchElementException" message="no such element: Unable to locate element: {&amp;quot;method&amp;quot;:&amp;quot;xpath&amp;quot;,&amp;quot;selector&amp;quot;:&amp;quot;//a[@aria-label=&amp;apos;Facebook&amp;apos;]//*[name()=&amp;apos;svg&amp;apos;]//*[name()=&amp;apos;path&amp;apos; and contains(@class,&amp;apos;p361ku9c&amp;apos;)]&amp;quot;}
  (Session info: chrome=102.0.5005.115)
For documentation on this error, please visit: https://www.seleniumhq.org/exceptions/no_such_element.html
Build info: version: &amp;apos;3.141.59&amp;apos;, revision: &amp;apos;e82be7d358&amp;apos;, time: &amp;apos;2018-11-14T08:17:03&amp;apos;
System info: host: &amp;apos;Lalis-MBP.fios-router.home&amp;apos;, ip: &amp;apos;fe80:0:0:0:25:cf09:bd47:d00a%en0&amp;apos;, os.name: &amp;apos;Mac OS X&amp;apos;, os.arch: &amp;apos;x86_64&amp;apos;, os.version: &amp;apos;12.3&amp;apos;, java.version: &amp;apos;11.0.14&amp;apos;
Driver info: org.openqa.selenium.chrome.ChromeDriver
Capabilities {acceptInsecureCerts: false, browserName: chrome, browserVersion: 102.0.5005.115, chrome: {chromedriverVersion: 102.0.5005.61 (0e59bcc00cc4..., userDataDir: /var/folders/_q/7v4d026x789...}, goog:chromeOptions: {debuggerAddress: localhost:63651}, javascriptEnabled: true, networkConnectionEnabled: false, pageLoadStrategy: normal, platform: MAC, platformName: MAC, proxy: Proxy(), setWindowRect: true, strictFileInteractability: false, timeouts: {implicit: 0, pageLoad: 300000, script: 30000}, unhandledPromptBehavior: dismiss and notify, webauthn:extension:credBlob: true, webauthn:extension:largeBlob: true, webauthn:virtualAuthenticators: true}
Session ID: 67cb02b8fe16a3e0c9baa7b4b21911d6
*** Element info: {Using=xpath, value=//a[@aria-label=&amp;apos;Facebook&amp;apos;]//*[name()=&amp;apos;svg&amp;apos;]//*[name()=&amp;apos;path&amp;apos; and contains(@class,&amp;apos;p361ku9c&amp;apos;)]}">
      <![CDATA[org.openqa.selenium.NoSuchElementException: no such element: Unable to locate element: {"method":"xpath","selector":"//a[@aria-label='Facebook']//*[name()='svg']//*[name()='path' and contains(@class,'p361ku9c')]"}
  (Session info: chrome=102.0.5005.115)
For documentation on this error, please visit: https://www.seleniumhq.org/exceptions/no_such_element.html
Build info: version: '3.141.59', revision: 'e82be7d358', time: '2018-11-14T08:17:03'
System info: host: 'Lalis-MBP.fios-router.home', ip: 'fe80:0:0:0:25:cf09:bd47:d00a%en0', os.name: 'Mac OS X', os.arch: 'x86_64', os.version: '12.3', java.version: '11.0.14'
Driver info: org.openqa.selenium.chrome.ChromeDriver
Capabilities {acceptInsecureCerts: false, browserName: chrome, browserVersion: 102.0.5005.115, chrome: {chromedriverVersion: 102.0.5005.61 (0e59bcc00cc4..., userDataDir: /var/folders/_q/7v4d026x789...}, goog:chromeOptions: {debuggerAddress: localhost:63651}, javascriptEnabled: true, networkConnectionEnabled: false, pageLoadStrategy: normal, platform: MAC, platformName: MAC, proxy: Proxy(), setWindowRect: true, strictFileInteractability: false, timeouts: {implicit: 0, pageLoad: 300000, script: 30000}, unhandledPromptBehavior: dismiss and notify, webauthn:extension:credBlob: true, webauthn:extension:largeBlob: true, webauthn:virtualAuthenticators: true}
Session ID: 67cb02b8fe16a3e0c9baa7b4b21911d6
*** Element info: {Using=xpath, value=//a[@aria-label='Facebook']//*[name()='svg']//*[name()='path' and contains(@class,'p361ku9c')]}
at org.openqa.selenium.remote.http.W3CHttpResponseCodec.createException(W3CHttpResponseCodec.java:187)
at org.openqa.selenium.remote.http.W3CHttpResponseCodec.decode(W3CHttpResponseCodec.java:122)
at org.openqa.selenium.remote.http.W3CHttpResponseCodec.decode(W3CHttpResponseCodec.java:49)
at org.openqa.selenium.remote.HttpCommandExecutor.execute(HttpCommandExecutor.java:158)
at org.openqa.selenium.remote.service.DriverCommandExecutor.execute(DriverCommandExecutor.java:83)
at org.openqa.selenium.remote.RemoteWebDriver.execute(RemoteWebDriver.java:552)
at org.openqa.selenium.remote.RemoteWebDriver.findElement(RemoteWebDriver.java:323)
at org.openqa.selenium.remote.RemoteWebDriver.findElementByXPath(RemoteWebDriver.java:428)
at org.openqa.selenium.By$ByXPath.findElement(By.java:353)
at org.openqa.selenium.remote.RemoteWebDriver.findElement(RemoteWebDriver.java:315)
at org.openqa.selenium.support.pagefactory.DefaultElementLocator.findElement(DefaultElementLocator.java:69)
at org.openqa.selenium.support.pagefactory.internal.LocatingElementHandler.invoke(LocatingElementHandler.java:38)
at com.sun.proxy.$Proxy13.isDisplayed(Unknown Source)
at techTriangle_testNG.pageObjects.FooterPage.verifyFB(FooterPage.java:40)
at techTriangle_testNG.testing.footerTest.TTG_FOOTER_001_FBVerify(footerTest.java:31)
at java.base/java.util.ArrayList.forEach(ArrayList.java:1541)
... Removed 31 stack frames]]>
    </failure>
  </testcase> <!-- TTG_FOOTER_001_FBVerify -->
  <testcase classname="techTriangle_testNG.testing.footerTest" name="TTG_FOOTER_002_InstgramVerify" time="5.731">
    <failure type="org.openqa.selenium.NoSuchElementException" message="no such element: Unable to locate element: {&amp;quot;method&amp;quot;:&amp;quot;xpath&amp;quot;,&amp;quot;selector&amp;quot;:&amp;quot;//img[@alt=&amp;apos;Instagram&amp;apos;]&amp;quot;}
  (Session info: chrome=102.0.5005.115)
For documentation on this error, please visit: https://www.seleniumhq.org/exceptions/no_such_element.html
Build info: version: &amp;apos;3.141.59&amp;apos;, revision: &amp;apos;e82be7d358&amp;apos;, time: &amp;apos;2018-11-14T08:17:03&amp;apos;
System info: host: &amp;apos;Lalis-MBP.fios-router.home&amp;apos;, ip: &amp;apos;fe80:0:0:0:25:cf09:bd47:d00a%en0&amp;apos;, os.name: &amp;apos;Mac OS X&amp;apos;, os.arch: &amp;apos;x86_64&amp;apos;, os.version: &amp;apos;12.3&amp;apos;, java.version: &amp;apos;11.0.14&amp;apos;
Driver info: org.openqa.selenium.chrome.ChromeDriver
Capabilities {acceptInsecureCerts: false, browserName: chrome, browserVersion: 102.0.5005.115, chrome: {chromedriverVersion: 102.0.5005.61 (0e59bcc00cc4..., userDataDir: /var/folders/_q/7v4d026x789...}, goog:chromeOptions: {debuggerAddress: localhost:63651}, javascriptEnabled: true, networkConnectionEnabled: false, pageLoadStrategy: normal, platform: MAC, platformName: MAC, proxy: Proxy(), setWindowRect: true, strictFileInteractability: false, timeouts: {implicit: 0, pageLoad: 300000, script: 30000}, unhandledPromptBehavior: dismiss and notify, webauthn:extension:credBlob: true, webauthn:extension:largeBlob: true, webauthn:virtualAuthenticators: true}
Session ID: 67cb02b8fe16a3e0c9baa7b4b21911d6
*** Element info: {Using=xpath, value=//img[@alt=&amp;apos;Instagram&amp;apos;]}">
      <![CDATA[org.openqa.selenium.NoSuchElementException: no such element: Unable to locate element: {"method":"xpath","selector":"//img[@alt='Instagram']"}
  (Session info: chrome=102.0.5005.115)
For documentation on this error, please visit: https://www.seleniumhq.org/exceptions/no_such_element.html
Build info: version: '3.141.59', revision: 'e82be7d358', time: '2018-11-14T08:17:03'
System info: host: 'Lalis-MBP.fios-router.home', ip: 'fe80:0:0:0:25:cf09:bd47:d00a%en0', os.name: 'Mac OS X', os.arch: 'x86_64', os.version: '12.3', java.version: '11.0.14'
Driver info: org.openqa.selenium.chrome.ChromeDriver
Capabilities {acceptInsecureCerts: false, browserName: chrome, browserVersion: 102.0.5005.115, chrome: {chromedriverVersion: 102.0.5005.61 (0e59bcc00cc4..., userDataDir: /var/folders/_q/7v4d026x789...}, goog:chromeOptions: {debuggerAddress: localhost:63651}, javascriptEnabled: true, networkConnectionEnabled: false, pageLoadStrategy: normal, platform: MAC, platformName: MAC, proxy: Proxy(), setWindowRect: true, strictFileInteractability: false, timeouts: {implicit: 0, pageLoad: 300000, script: 30000}, unhandledPromptBehavior: dismiss and notify, webauthn:extension:credBlob: true, webauthn:extension:largeBlob: true, webauthn:virtualAuthenticators: true}
Session ID: 67cb02b8fe16a3e0c9baa7b4b21911d6
*** Element info: {Using=xpath, value=//img[@alt='Instagram']}
at org.openqa.selenium.remote.http.W3CHttpResponseCodec.createException(W3CHttpResponseCodec.java:187)
at org.openqa.selenium.remote.http.W3CHttpResponseCodec.decode(W3CHttpResponseCodec.java:122)
at org.openqa.selenium.remote.http.W3CHttpResponseCodec.decode(W3CHttpResponseCodec.java:49)
at org.openqa.selenium.remote.HttpCommandExecutor.execute(HttpCommandExecutor.java:158)
at org.openqa.selenium.remote.service.DriverCommandExecutor.execute(DriverCommandExecutor.java:83)
at org.openqa.selenium.remote.RemoteWebDriver.execute(RemoteWebDriver.java:552)
at org.openqa.selenium.remote.RemoteWebDriver.findElement(RemoteWebDriver.java:323)
at org.openqa.selenium.remote.RemoteWebDriver.findElementByXPath(RemoteWebDriver.java:428)
at org.openqa.selenium.By$ByXPath.findElement(By.java:353)
at org.openqa.selenium.remote.RemoteWebDriver.findElement(RemoteWebDriver.java:315)
at org.openqa.selenium.support.pagefactory.DefaultElementLocator.findElement(DefaultElementLocator.java:69)
at org.openqa.selenium.support.pagefactory.internal.LocatingElementHandler.invoke(LocatingElementHandler.java:38)
at com.sun.proxy.$Proxy13.isDisplayed(Unknown Source)
at techTriangle_testNG.pageObjects.FooterPage.verifyInstgrm(FooterPage.java:45)
at techTriangle_testNG.testing.footerTest.TTG_FOOTER_002_InstgramVerify(footerTest.java:35)
at java.base/java.util.ArrayList.forEach(ArrayList.java:1541)
... Removed 31 stack frames]]>
    </failure>
  </testcase> <!-- TTG_FOOTER_002_InstgramVerify -->
  <testcase classname="techTriangle_testNG.testing.footerTest" name="TTG_FOOTER_003_contactUs" time="3.104"/>
  <testcase classname="techTriangle_testNG.testing.SignUpTest" name="TC101_validEmailValidPasswordValidBillingInfo" time="14.133"/>
  <testcase classname="techTriangle_testNG.testing.SignUpTest" name="TC102_validEmailValidPasswordInvalidBillingInfo" time="7.85"/>
  <testcase classname="techTriangle_testNG.testing.SignUpTest" name="TC201_validEmailInvalidPasswordValidBillingInfo" time="9.875"/>
  <testcase classname="techTriangle_testNG.testing.SignUpTest" name="TC202_validEmailInvalidPasswordInvalidBillingInfo" time="9.975"/>
  <testcase classname="techTriangle_testNG.testing.SignUpTest" name="TC301_invalidEmailValidPasswordValidBillingInfo" time="6.34"/>
  <testcase classname="techTriangle_testNG.testing.SignUpTest" name="TC302_invalidEmailValidPasswordInvalidBillingInfo" time="6.6"/>
  <testcase classname="techTriangle_testNG.testing.SignUpTest" name="TC401_invalidEmailInvalidPasswordValidBillingInfo" time="10.221"/>
  <testcase classname="techTriangle_testNG.testing.SignUpTest" name="TC402_invalidEmailInvalidPasswordInvalidBillingInfo" time="9.244"/>
  <testcase classname="techTriangle_testNG.testing.SearchBoxTest" name="SBT01Test" time="9.622"/>
  <testcase classname="techTriangle_testNG.testing.SearchBoxTest" name="SBT02Test" time="7.45"/>
  <testcase classname="techTriangle_testNG.testing.SearchBoxTest" name="SBT03Test" time="7.353"/>
  <testcase classname="techTriangle_testNG.testing.SearchBoxTest" name="SBT04Test" time="7.402"/>
  <testcase classname="techTriangle_testNG.testing.SearchBoxTest" name="SBT05Test" time="11.262"/>
  <testcase classname="techTriangle_testNG.testing.ShippingEstimateTest" name="VerifyCartShipmentWithValidInfo" time="2.428"/>
  <testcase classname="techTriangle_testNG.testing.ShippingEstimateTest" name="VerifyLogin" time="4.19"/>
  <testcase classname="techTriangle_testNG.testing.ShippingEstimateTest" name="VerifyLogin" time="4.737"/>
  <testcase classname="techTriangle_testNG.testing.ShippingEstimateTest" name="VerifyLogin" time="2.523"/>
  <testcase classname="techTriangle_testNG.testing.ShippingEstimateTest" name="VerifyLogin" time="2.365"/>
  <testcase classname="techTriangle_testNG.testing.ShippingEstimateTest" name="VerifyLogin" time="2.226"/>
  <testcase classname="techTriangle_testNG.testing.CurrencyTest" name="TTG_CHANGE_CURRENTCY_01_verifyCanadaCurrency" time="11.855"/>
  <testcase classname="techTriangle_testNG.testing.CurrencyTest" name="TTG_CHANGE_CURRENTCY_02_verifyUSACurrency" time="6.887"/>
  <testcase classname="techTriangle_testNG.testing.FilterThePriceTest" name="VerifyFilterPrice" time="13.831"/>
  <testcase classname="techTriangle_testNG.testing.EbikesPageTest" name="EB_01_VerifyEBikesTab" time="1.718"/>
  <testcase classname="techTriangle_testNG.testing.EbikesPageTest" name="EB_02_VerifySortByPartNumber" time="38.069"/>
  <testcase classname="techTriangle_testNG.testing.EbikesPageTest" name="EB_03_VerifySortByDescription" time="0.239"/>
  <testcase classname="techTriangle_testNG.testing.EbikesPageTest" name="EB_04_VerifySortByPrice" time="5.208">
    <failure type="java.lang.IndexOutOfBoundsException" message="Index 0 out of bounds for length 0">
      <![CDATA[java.lang.IndexOutOfBoundsException: Index 0 out of bounds for length 0
at java.base/jdk.internal.util.Preconditions.outOfBounds(Preconditions.java:64)
at java.base/jdk.internal.util.Preconditions.outOfBoundsCheckIndex(Preconditions.java:70)
at java.base/jdk.internal.util.Preconditions.checkIndex(Preconditions.java:248)
at java.base/java.util.Objects.checkIndex(Objects.java:372)
at java.base/java.util.ArrayList.get(ArrayList.java:459)
at org.openqa.selenium.support.pagefactory.internal.LocatingElementListHandler.invoke(LocatingElementListHandler.java:39)
at com.sun.proxy.$Proxy14.get(Unknown Source)
at techTriangle_testNG.pageObjects.EbikesPage.verifySortByPriceAsc(EbikesPage.java:79)
at techTriangle_testNG.testing.EbikesPageTest.EB_04_VerifySortByPrice(EbikesPageTest.java:38)
at java.base/java.util.ArrayList.forEach(ArrayList.java:1541)
... Removed 30 stack frames]]>
    </failure>
  </testcase> <!-- EB_04_VerifySortByPrice -->
  <testcase classname="techTriangle_testNG.testing.StrengthEquipmentTabTest" name="ValidateListItem" time="0.699"/>
  <testcase classname="techTriangle_testNG.testing.StrengthEquipmentTabTest" name="ValidateNumberItem" time="4.079">
    <failure type="java.lang.AssertionError" message="expected:&amp;lt;9&amp;gt; but was:&amp;lt;10&amp;gt;">
      <![CDATA[java.lang.AssertionError: expected:<9> but was:<10>
at techTriangle_testNG.testing.StrengthEquipmentTabTest.ValidateNumberItem(StrengthEquipmentTabTest.java:34)
at java.base/java.util.ArrayList.forEach(ArrayList.java:1541)
... Removed 32 stack frames]]>
    </failure>
  </testcase> <!-- ValidateNumberItem -->
  <testcase classname="techTriangle_testNG.testing.StrengthEquipmentTabTest" name="ValidateTabLink" time="44.138"/>
  <testcase classname="techTriangle_testNG.testing.HomePageSlideTest" name="verifyArrowRightFunction" time="7.128"/>
  <testcase classname="techTriangle_testNG.testing.HomePageSlideTest" name="verifyArrowLeftFunction" time="5.477"/>
  <testcase classname="techTriangle_testNG.testing.HomePageSlideTest" name="verifySlideClickable" time="27.941"/>
</testsuite> <!-- Test -->
