<?xml version="1.0" encoding="UTF-8"?>
<!-- Generated by org.testng.reporters.JUnitReportReporter -->
<testsuite hostname="Lalis-MBP.fios-router.home" failures="0" tests="4" name="techTriangle_testNG.testing.FitnessAccessoriesTabTest" time="1.125" errors="1" timestamp="2022-06-22T14:46:06 EDT" skipped="3">
  <testcase classname="techTriangle_testNG.testing.FitnessAccessoriesTabTest" name="SetUp" time="1.125">
    <error message="unknown error: Chrome failed to start: crashed.
  (chrome not reachable)
  (The process started from chrome location /Applications/Google Chrome.app/Contents/MacOS/Google Chrome is no longer running, so ChromeDriver is assuming that Chrome has crashed.)
Build info: version: &#039;3.141.59&#039;, revision: &#039;e82be7d358&#039;, time: &#039;2018-11-14T08:17:03&#039;
System info: host: &#039;Lalis-MBP.fios-router.home&#039;, ip: &#039;fe80:0:0:0:18df:a288:d3f1:322f%en0&#039;, os.name: &#039;Mac OS X&#039;, os.arch: &#039;x86_64&#039;, os.version: &#039;12.3&#039;, java.version: &#039;17.0.1&#039;
Driver info: driver.version: ChromeDriver
remote stacktrace: 0   chromedriver                        0x0000000104ffed19 chromedriver + 5197081
1   chromedriver                        0x0000000104f8cb23 chromedriver + 4729635
2   chromedriver                        0x0000000104b6a2b8 chromedriver + 393912
3   chromedriver                        0x0000000104b8ce5e chromedriver + 536158
4   chromedriver                        0x0000000104b888a6 chromedriver + 518310
5   chromedriver                        0x0000000104bc24ba chromedriver + 754874
6   chromedriver                        0x0000000104bbc6f3 chromedriver + 730867
7   chromedriver                        0x0000000104b92a49 chromedriver + 559689
8   chromedriver                        0x0000000104b93a75 chromedriver + 563829
9   chromedriver                        0x0000000104fd0bdd chromedriver + 5008349
10  chromedriver                        0x0000000104fd5b64 chromedriver + 5028708
11  chromedriver                        0x0000000104fdabcf chromedriver + 5049295
12  chromedriver                        0x0000000104fd67ca chromedriver + 5031882
13  chromedriver                        0x0000000104fb059f chromedriver + 4875679
14  chromedriver                        0x0000000104ff0388 chromedriver + 5137288
15  chromedriver                        0x0000000104ff050f chromedriver + 5137679
16  chromedriver                        0x0000000105006085 chromedriver + 5226629
17  libsystem_pthread.dylib             0x00007ff802bc14e1 _pthread_start + 125
18  libsystem_pthread.dylib             0x00007ff802bbcf6b thread_start + 15
" type="org.openqa.selenium.WebDriverException">
      <![CDATA[org.openqa.selenium.WebDriverException: unknown error: Chrome failed to start: crashed.
  (chrome not reachable)
  (The process started from chrome location /Applications/Google Chrome.app/Contents/MacOS/Google Chrome is no longer running, so ChromeDriver is assuming that Chrome has crashed.)
Build info: version: '3.141.59', revision: 'e82be7d358', time: '2018-11-14T08:17:03'
System info: host: 'Lalis-MBP.fios-router.home', ip: 'fe80:0:0:0:18df:a288:d3f1:322f%en0', os.name: 'Mac OS X', os.arch: 'x86_64', os.version: '12.3', java.version: '17.0.1'
Driver info: driver.version: ChromeDriver
remote stacktrace: 0   chromedriver                        0x0000000104ffed19 chromedriver + 5197081
1   chromedriver                        0x0000000104f8cb23 chromedriver + 4729635
2   chromedriver                        0x0000000104b6a2b8 chromedriver + 393912
3   chromedriver                        0x0000000104b8ce5e chromedriver + 536158
4   chromedriver                        0x0000000104b888a6 chromedriver + 518310
5   chromedriver                        0x0000000104bc24ba chromedriver + 754874
6   chromedriver                        0x0000000104bbc6f3 chromedriver + 730867
7   chromedriver                        0x0000000104b92a49 chromedriver + 559689
8   chromedriver                        0x0000000104b93a75 chromedriver + 563829
9   chromedriver                        0x0000000104fd0bdd chromedriver + 5008349
10  chromedriver                        0x0000000104fd5b64 chromedriver + 5028708
11  chromedriver                        0x0000000104fdabcf chromedriver + 5049295
12  chromedriver                        0x0000000104fd67ca chromedriver + 5031882
13  chromedriver                        0x0000000104fb059f chromedriver + 4875679
14  chromedriver                        0x0000000104ff0388 chromedriver + 5137288
15  chromedriver                        0x0000000104ff050f chromedriver + 5137679
16  chromedriver                        0x0000000105006085 chromedriver + 5226629
17  libsystem_pthread.dylib             0x00007ff802bc14e1 _pthread_start + 125
18  libsystem_pthread.dylib             0x00007ff802bbcf6b thread_start + 15

at java.base/jdk.internal.reflect.NativeConstructorAccessorImpl.newInstance0(Native Method)
at java.base/jdk.internal.reflect.NativeConstructorAccessorImpl.newInstance(NativeConstructorAccessorImpl.java:77)
at java.base/jdk.internal.reflect.DelegatingConstructorAccessorImpl.newInstance(DelegatingConstructorAccessorImpl.java:45)
at java.base/java.lang.reflect.Constructor.newInstanceWithCaller(Constructor.java:499)
at java.base/java.lang.reflect.Constructor.newInstance(Constructor.java:480)
at org.openqa.selenium.remote.W3CHandshakeResponse.lambda$errorHandler$0(W3CHandshakeResponse.java:62)
at org.openqa.selenium.remote.HandshakeResponse.lambda$getResponseFunction$0(HandshakeResponse.java:30)
at org.openqa.selenium.remote.ProtocolHandshake.lambda$createSession$0(ProtocolHandshake.java:126)
at java.base/java.util.stream.ReferencePipeline$3$1.accept(ReferencePipeline.java:197)
at java.base/java.util.Spliterators$ArraySpliterator.tryAdvance(Spliterators.java:1002)
at java.base/java.util.stream.ReferencePipeline.forEachWithCancel(ReferencePipeline.java:129)
at java.base/java.util.stream.AbstractPipeline.copyIntoWithCancel(AbstractPipeline.java:527)
at java.base/java.util.stream.AbstractPipeline.copyInto(AbstractPipeline.java:513)
at java.base/java.util.stream.AbstractPipeline.wrapAndCopyInto(AbstractPipeline.java:499)
at java.base/java.util.stream.FindOps$FindOp.evaluateSequential(FindOps.java:150)
at java.base/java.util.stream.AbstractPipeline.evaluate(AbstractPipeline.java:234)
at java.base/java.util.stream.ReferencePipeline.findFirst(ReferencePipeline.java:647)
at org.openqa.selenium.remote.ProtocolHandshake.createSession(ProtocolHandshake.java:128)
at org.openqa.selenium.remote.ProtocolHandshake.createSession(ProtocolHandshake.java:74)
at org.openqa.selenium.remote.HttpCommandExecutor.execute(HttpCommandExecutor.java:136)
at org.openqa.selenium.remote.service.DriverCommandExecutor.execute(DriverCommandExecutor.java:83)
at org.openqa.selenium.remote.RemoteWebDriver.execute(RemoteWebDriver.java:552)
at org.openqa.selenium.remote.RemoteWebDriver.startSession(RemoteWebDriver.java:213)
at org.openqa.selenium.remote.RemoteWebDriver.<init>(RemoteWebDriver.java:131)
at org.openqa.selenium.chrome.ChromeDriver.<init>(ChromeDriver.java:181)
at org.openqa.selenium.chrome.ChromeDriver.<init>(ChromeDriver.java:168)
at org.openqa.selenium.chrome.ChromeDriver.<init>(ChromeDriver.java:123)
at techTriangle_testNG.utilities.BaseClass.getDriver(BaseClass.java:28)
at techTriangle_testNG.testing.FitnessAccessoriesTabTest.SetUp(FitnessAccessoriesTabTest.java:15)
at java.base/jdk.internal.reflect.NativeMethodAccessorImpl.invoke0(Native Method)
at java.base/jdk.internal.reflect.NativeMethodAccessorImpl.invoke(NativeMethodAccessorImpl.java:77)
at java.base/jdk.internal.reflect.DelegatingMethodAccessorImpl.invoke(DelegatingMethodAccessorImpl.java:43)
at java.base/java.lang.reflect.Method.invoke(Method.java:568)
at org.testng.internal.invokers.MethodInvocationHelper.invokeMethod(MethodInvocationHelper.java:135)
at org.testng.internal.invokers.MethodInvocationHelper.invokeMethodConsideringTimeout(MethodInvocationHelper.java:65)
at org.testng.internal.invokers.ConfigInvoker.invokeConfigurationMethod(ConfigInvoker.java:381)
at org.testng.internal.invokers.ConfigInvoker.invokeConfigurations(ConfigInvoker.java:319)
at org.testng.internal.invokers.TestMethodWorker.invokeBeforeClassMethods(TestMethodWorker.java:178)
at org.testng.internal.invokers.TestMethodWorker.run(TestMethodWorker.java:122)
at java.base/java.util.ArrayList.forEach(ArrayList.java:1511)
at org.testng.TestRunner.privateRun(TestRunner.java:808)
at org.testng.TestRunner.run(TestRunner.java:603)
at org.testng.SuiteRunner.runTest(SuiteRunner.java:429)
at org.testng.SuiteRunner.runSequentially(SuiteRunner.java:423)
at org.testng.SuiteRunner.privateRun(SuiteRunner.java:383)
at org.testng.SuiteRunner.run(SuiteRunner.java:326)
at org.testng.SuiteRunnerWorker.runSuite(SuiteRunnerWorker.java:52)
at org.testng.SuiteRunnerWorker.run(SuiteRunnerWorker.java:95)
at org.testng.TestNG.runSuitesSequentially(TestNG.java:1249)
at org.testng.TestNG.runSuitesLocally(TestNG.java:1169)
at org.testng.TestNG.runSuites(TestNG.java:1092)
at org.testng.TestNG.run(TestNG.java:1060)
at org.testng.remote.AbstractRemoteTestNG.run(AbstractRemoteTestNG.java:115)
at org.testng.remote.RemoteTestNG.initAndRun(RemoteTestNG.java:251)
at org.testng.remote.RemoteTestNG.main(RemoteTestNG.java:77)
]]>
    </error>
  </testcase> <!-- SetUp -->
  <system-out/>
  <testcase classname="techTriangle_testNG.testing.FitnessAccessoriesTabTest" name="ValidateListItem" time="0.000">
    <skipped/>
  </testcase> <!-- ValidateListItem -->
  <system-out/>
  <testcase classname="techTriangle_testNG.testing.FitnessAccessoriesTabTest" name="ValidateNumberItem" time="0.000">
    <skipped/>
  </testcase> <!-- ValidateNumberItem -->
  <system-out/>
  <testcase classname="techTriangle_testNG.testing.FitnessAccessoriesTabTest" name="ValidateTabLink" time="0.000">
    <skipped/>
  </testcase> <!-- ValidateTabLink -->
  <system-out/>
</testsuite> <!-- techTriangle_testNG.testing.FitnessAccessoriesTabTest -->
